{
  error: Error: listen EADDRINUSE: address already in use :::5000
      at Server.setupListenHandle [as _listen2] (node:net:1940:16)
      at listenInCluster (node:net:1997:12)
      at Server.listen (node:net:2102:7)
      at Object.<anonymous> (C:\Users\X1\pro\bysell_backend\server.js:21:8)
      at Module._compile (node:internal/modules/cjs/loader:1706:14)
      at Object..js (node:internal/modules/cjs/loader:1839:10)
      at Module.load (node:internal/modules/cjs/loader:1441:32)
      at Function._load (node:internal/modules/cjs/loader:1263:12)
      at TracingChannel.traceSync (node:diagnostics_channel:322:14)
      at wrapModuleLoad (node:internal/modules/cjs/loader:237:24) {
    code: 'EADDRINUSE',
    errno: -4091,
    syscall: 'listen',
    address: '::',
    port: 5000
  },
  level: 'error',
  message: 'uncaughtException: listen EADDRINUSE: address already in use :::5000\n' +
    'Error: listen EADDRINUSE: address already in use :::5000\n' +
    '    at Server.setupListenHandle [as _listen2] (node:net:1940:16)\n' +
    '    at listenInCluster (node:net:1997:12)\n' +
    '    at Server.listen (node:net:2102:7)\n' +
    '    at Object.<anonymous> (C:\\Users\\X1\\pro\\bysell_backend\\server.js:21:8)\n' +
    '    at Module._compile (node:internal/modules/cjs/loader:1706:14)\n' +
    '    at Object..js (node:internal/modules/cjs/loader:1839:10)\n' +
    '    at Module.load (node:internal/modules/cjs/loader:1441:32)\n' +
    '    at Function._load (node:internal/modules/cjs/loader:1263:12)\n' +
    '    at TracingChannel.traceSync (node:diagnostics_channel:322:14)\n' +
    '    at wrapModuleLoad (node:internal/modules/cjs/loader:237:24)',
  stack: 'Error: listen EADDRINUSE: address already in use :::5000\n' +
    '    at Server.setupListenHandle [as _listen2] (node:net:1940:16)\n' +
    '    at listenInCluster (node:net:1997:12)\n' +
    '    at Server.listen (node:net:2102:7)\n' +
    '    at Object.<anonymous> (C:\\Users\\X1\\pro\\bysell_backend\\server.js:21:8)\n' +
    '    at Module._compile (node:internal/modules/cjs/loader:1706:14)\n' +
    '    at Object..js (node:internal/modules/cjs/loader:1839:10)\n' +
    '    at Module.load (node:internal/modules/cjs/loader:1441:32)\n' +
    '    at Function._load (node:internal/modules/cjs/loader:1263:12)\n' +
    '    at TracingChannel.traceSync (node:diagnostics_channel:322:14)\n' +
    '    at wrapModuleLoad (node:internal/modules/cjs/loader:237:24)',
  exception: true,
  date: 'Wed Oct 29 2025 11:39:37 GMT+0300 (East Africa Time)',
  process: {
    pid: 2204,
    uid: null,
    gid: null,
    cwd: 'C:\\Users\\X1\\pro\\bysell_backend',
    execPath: 'C:\\Program Files\\nodejs\\node.exe',
    version: 'v22.20.0',
    argv: [
      'C:\\Program Files\\nodejs\\node.exe',
      'C:\\Users\\X1\\pro\\bysell_backend\\server.js'
    ],
    memoryUsage: {
      rss: 93200384,
      heapTotal: 59236352,
      heapUsed: 34025320,
      external: 3666498,
      arrayBuffers: 76584
    }
  },
  os: { loadavg: [ 0, 0, 0 ], uptime: 99938.843 },
  trace: [
    {
      column: 16,
      file: 'node:net',
      function: 'Server.setupListenHandle [as _listen2]',
      line: 1940,
      method: 'setupListenHandle [as _listen2]',
      native: false
    },
    {
      column: 12,
      file: 'node:net',
      function: 'listenInCluster',
      line: 1997,
      method: null,
      native: false
    },
    {
      column: 7,
      file: 'node:net',
      function: 'Server.listen',
      line: 2102,
      method: 'listen',
      native: false
    },
    {
      column: 8,
      file: 'C:\\Users\\X1\\pro\\bysell_backend\\server.js',
      function: null,
      line: 21,
      method: null,
      native: false
    },
    {
      column: 14,
      file: 'node:internal/modules/cjs/loader',
      function: 'Module._compile',
      line: 1706,
      method: '_compile',
      native: false
    },
    {
      column: 10,
      file: 'node:internal/modules/cjs/loader',
      function: 'Object..js',
      line: 1839,
      method: '.js',
      native: false
    },
    {
      column: 32,
      file: 'node:internal/modules/cjs/loader',
      function: 'Module.load',
      line: 1441,
      method: 'load',
      native: false
    },
    {
      column: 12,
      file: 'node:internal/modules/cjs/loader',
      function: 'Function._load',
      line: 1263,
      method: '_load',
      native: false
    },
    {
      column: 14,
      file: 'node:diagnostics_channel',
      function: 'TracingChannel.traceSync',
      line: 322,
      method: 'traceSync',
      native: false
    },
    {
      column: 24,
      file: 'node:internal/modules/cjs/loader',
      function: 'wrapModuleLoad',
      line: 237,
      method: null,
      native: false
    }
  ],
  service: 'bysell-backend',
  timestamp: '2025-10-29 11:39:37'
}
{
  error: Error: listen EADDRINUSE: address already in use :::5000
      at Server.setupListenHandle [as _listen2] (node:net:1940:16)
      at listenInCluster (node:net:1997:12)
      at Server.listen (node:net:2102:7)
      at Object.<anonymous> (C:\Users\X1\pro\bysell_backend\server.js:21:8)
      at Module._compile (node:internal/modules/cjs/loader:1706:14)
      at Object..js (node:internal/modules/cjs/loader:1839:10)
      at Module.load (node:internal/modules/cjs/loader:1441:32)
      at Function._load (node:internal/modules/cjs/loader:1263:12)
      at TracingChannel.traceSync (node:diagnostics_channel:322:14)
      at wrapModuleLoad (node:internal/modules/cjs/loader:237:24) {
    code: 'EADDRINUSE',
    errno: -4091,
    syscall: 'listen',
    address: '::',
    port: 5000
  },
  level: 'error',
  message: 'uncaughtException: listen EADDRINUSE: address already in use :::5000\n' +
    'Error: listen EADDRINUSE: address already in use :::5000\n' +
    '    at Server.setupListenHandle [as _listen2] (node:net:1940:16)\n' +
    '    at listenInCluster (node:net:1997:12)\n' +
    '    at Server.listen (node:net:2102:7)\n' +
    '    at Object.<anonymous> (C:\\Users\\X1\\pro\\bysell_backend\\server.js:21:8)\n' +
    '    at Module._compile (node:internal/modules/cjs/loader:1706:14)\n' +
    '    at Object..js (node:internal/modules/cjs/loader:1839:10)\n' +
    '    at Module.load (node:internal/modules/cjs/loader:1441:32)\n' +
    '    at Function._load (node:internal/modules/cjs/loader:1263:12)\n' +
    '    at TracingChannel.traceSync (node:diagnostics_channel:322:14)\n' +
    '    at wrapModuleLoad (node:internal/modules/cjs/loader:237:24)',
  stack: 'Error: listen EADDRINUSE: address already in use :::5000\n' +
    '    at Server.setupListenHandle [as _listen2] (node:net:1940:16)\n' +
    '    at listenInCluster (node:net:1997:12)\n' +
    '    at Server.listen (node:net:2102:7)\n' +
    '    at Object.<anonymous> (C:\\Users\\X1\\pro\\bysell_backend\\server.js:21:8)\n' +
    '    at Module._compile (node:internal/modules/cjs/loader:1706:14)\n' +
    '    at Object..js (node:internal/modules/cjs/loader:1839:10)\n' +
    '    at Module.load (node:internal/modules/cjs/loader:1441:32)\n' +
    '    at Function._load (node:internal/modules/cjs/loader:1263:12)\n' +
    '    at TracingChannel.traceSync (node:diagnostics_channel:322:14)\n' +
    '    at wrapModuleLoad (node:internal/modules/cjs/loader:237:24)',
  exception: true,
  date: 'Wed Oct 29 2025 11:40:16 GMT+0300 (East Africa Time)',
  process: {
    pid: 32332,
    uid: null,
    gid: null,
    cwd: 'C:\\Users\\X1\\pro\\bysell_backend',
    execPath: 'C:\\Program Files\\nodejs\\node.exe',
    version: 'v22.20.0',
    argv: [
      'C:\\Program Files\\nodejs\\node.exe',
      'C:\\Users\\X1\\pro\\bysell_backend\\server.js'
    ],
    memoryUsage: {
      rss: 93831168,
      heapTotal: 59498496,
      heapUsed: 34280560,
      external: 3666498,
      arrayBuffers: 76584
    }
  },
  os: { loadavg: [ 0, 0, 0 ], uptime: 99977.625 },
  trace: [
    {
      column: 16,
      file: 'node:net',
      function: 'Server.setupListenHandle [as _listen2]',
      line: 1940,
      method: 'setupListenHandle [as _listen2]',
      native: false
    },
    {
      column: 12,
      file: 'node:net',
      function: 'listenInCluster',
      line: 1997,
      method: null,
      native: false
    },
    {
      column: 7,
      file: 'node:net',
      function: 'Server.listen',
      line: 2102,
      method: 'listen',
      native: false
    },
    {
      column: 8,
      file: 'C:\\Users\\X1\\pro\\bysell_backend\\server.js',
      function: null,
      line: 21,
      method: null,
      native: false
    },
    {
      column: 14,
      file: 'node:internal/modules/cjs/loader',
      function: 'Module._compile',
      line: 1706,
      method: '_compile',
      native: false
    },
    {
      column: 10,
      file: 'node:internal/modules/cjs/loader',
      function: 'Object..js',
      line: 1839,
      method: '.js',
      native: false
    },
    {
      column: 32,
      file: 'node:internal/modules/cjs/loader',
      function: 'Module.load',
      line: 1441,
      method: 'load',
      native: false
    },
    {
      column: 12,
      file: 'node:internal/modules/cjs/loader',
      function: 'Function._load',
      line: 1263,
      method: '_load',
      native: false
    },
    {
      column: 14,
      file: 'node:diagnostics_channel',
      function: 'TracingChannel.traceSync',
      line: 322,
      method: 'traceSync',
      native: false
    },
    {
      column: 24,
      file: 'node:internal/modules/cjs/loader',
      function: 'wrapModuleLoad',
      line: 237,
      method: null,
      native: false
    }
  ],
  service: 'bysell-backend',
  timestamp: '2025-10-29 11:40:16'
}
